{"C:\\Users\\Pedro Oliveira\\Downloads\\challenges\\challenge 3\\src\\actions\\index.js": {"path":"C:\\Users\\Pedro Oliveira\\Downloads\\challenges\\challenge 3\\src\\actions\\index.js","statementMap":{"0":{"start":{"line":1,"column":17},"end":{"line":1,"column":18}},"1":{"start":{"line":3,"column":23},"end":{"line":7,"column":2}},"2":{"start":{"line":3,"column":32},"end":{"line":7,"column":1}},"3":{"start":{"line":9,"column":26},"end":{"line":12,"column":2}},"4":{"start":{"line":9,"column":33},"end":{"line":12,"column":1}},"5":{"start":{"line":14,"column":26},"end":{"line":17,"column":2}},"6":{"start":{"line":14,"column":33},"end":{"line":17,"column":1}},"7":{"start":{"line":19,"column":35},"end":{"line":22,"column":2}},"8":{"start":{"line":19,"column":46},"end":{"line":22,"column":1}},"9":{"start":{"line":24,"column":33},"end":{"line":28,"column":1}}},"fnMap":{"0":{"name":"(anonymous_0)","decl":{"start":{"line":3,"column":23},"end":{"line":3,"column":24}},"loc":{"start":{"line":3,"column":32},"end":{"line":7,"column":1}},"line":3},"1":{"name":"(anonymous_1)","decl":{"start":{"line":9,"column":26},"end":{"line":9,"column":27}},"loc":{"start":{"line":9,"column":33},"end":{"line":12,"column":1}},"line":9},"2":{"name":"(anonymous_2)","decl":{"start":{"line":14,"column":26},"end":{"line":14,"column":27}},"loc":{"start":{"line":14,"column":33},"end":{"line":17,"column":1}},"line":14},"3":{"name":"(anonymous_3)","decl":{"start":{"line":19,"column":35},"end":{"line":19,"column":36}},"loc":{"start":{"line":19,"column":46},"end":{"line":22,"column":1}},"line":19}},"branchMap":{},"s":{"0":12,"1":12,"2":106,"3":12,"4":2,"5":12,"6":2,"7":12,"8":9,"9":12},"f":{"0":106,"1":2,"2":2,"3":9},"b":{},"_coverageSchema":"332fd63041d2c1bcb487cc26dd0d5f7d97098a6c","hash":"4f668c4b10824e04bbbafe241c2a074220bb4882"}
,"C:\\Users\\Pedro Oliveira\\Downloads\\challenges\\challenge 3\\src\\components\\App.js": {"path":"C:\\Users\\Pedro Oliveira\\Downloads\\challenges\\challenge 3\\src\\components\\App.js","statementMap":{"0":{"start":{"line":7,"column":12},"end":{"line":13,"column":1}},"1":{"start":{"line":8,"column":2},"end":{"line":12,"column":8}}},"fnMap":{"0":{"name":"(anonymous_0)","decl":{"start":{"line":7,"column":12},"end":{"line":7,"column":13}},"loc":{"start":{"line":8,"column":2},"end":{"line":12,"column":8}},"line":8}},"branchMap":{},"s":{"0":1,"1":1},"f":{"0":1},"b":{},"_coverageSchema":"332fd63041d2c1bcb487cc26dd0d5f7d97098a6c","hash":"7e1ba82f893aab3995bc8af6f47aaf0b27099e41"}
,"C:\\Users\\Pedro Oliveira\\Downloads\\challenges\\challenge 3\\src\\components\\Footer.js": {"path":"C:\\Users\\Pedro Oliveira\\Downloads\\challenges\\challenge 3\\src\\components\\Footer.js","statementMap":{"0":{"start":{"line":5,"column":15},"end":{"line":18,"column":1}},"1":{"start":{"line":6,"column":2},"end":{"line":17,"column":8}}},"fnMap":{"0":{"name":"(anonymous_0)","decl":{"start":{"line":5,"column":15},"end":{"line":5,"column":16}},"loc":{"start":{"line":6,"column":2},"end":{"line":17,"column":8}},"line":6}},"branchMap":{},"s":{"0":2,"1":1},"f":{"0":1},"b":{},"_coverageSchema":"332fd63041d2c1bcb487cc26dd0d5f7d97098a6c","hash":"690cee21af2e366766d64f677841171470ba3d8b"}
,"C:\\Users\\Pedro Oliveira\\Downloads\\challenges\\challenge 3\\src\\components\\Link.js": {"path":"C:\\Users\\Pedro Oliveira\\Downloads\\challenges\\challenge 3\\src\\components\\Link.js","statementMap":{"0":{"start":{"line":4,"column":13},"end":{"line":12,"column":1}},"1":{"start":{"line":5,"column":4},"end":{"line":11,"column":13}},"2":{"start":{"line":14,"column":0},"end":{"line":18,"column":1}}},"fnMap":{"0":{"name":"(anonymous_0)","decl":{"start":{"line":4,"column":13},"end":{"line":4,"column":14}},"loc":{"start":{"line":5,"column":4},"end":{"line":11,"column":13}},"line":5}},"branchMap":{},"s":{"0":4,"1":3,"2":4},"f":{"0":3},"b":{},"_coverageSchema":"332fd63041d2c1bcb487cc26dd0d5f7d97098a6c","hash":"f7c93bc386e0131dc78eb0b48719c102c2fceced"}
,"C:\\Users\\Pedro Oliveira\\Downloads\\challenges\\challenge 3\\src\\components\\Todo.js": {"path":"C:\\Users\\Pedro Oliveira\\Downloads\\challenges\\challenge 3\\src\\components\\Todo.js","statementMap":{"0":{"start":{"line":5,"column":13},"end":{"line":15,"column":1}},"1":{"start":{"line":6,"column":2},"end":{"line":14,"column":7}},"2":{"start":{"line":17,"column":0},"end":{"line":22,"column":1}}},"fnMap":{"0":{"name":"(anonymous_0)","decl":{"start":{"line":5,"column":13},"end":{"line":5,"column":14}},"loc":{"start":{"line":6,"column":2},"end":{"line":14,"column":7}},"line":6}},"branchMap":{"0":{"loc":{"start":{"line":10,"column":6},"end":{"line":10,"column":40}},"type":"cond-expr","locations":[{"start":{"line":10,"column":18},"end":{"line":10,"column":29}},{"start":{"line":10,"column":32},"end":{"line":10,"column":40}}],"line":10}},"s":{"0":4,"1":7,"2":4},"f":{"0":7},"b":{"0":[4,3]},"_coverageSchema":"332fd63041d2c1bcb487cc26dd0d5f7d97098a6c","hash":"b7033d40a5a1a982f3234232c6dc89a4feefc76f"}
,"C:\\Users\\Pedro Oliveira\\Downloads\\challenges\\challenge 3\\src\\components\\TodoList.js": {"path":"C:\\Users\\Pedro Oliveira\\Downloads\\challenges\\challenge 3\\src\\components\\TodoList.js","statementMap":{"0":{"start":{"line":5,"column":17},"end":{"line":21,"column":1}},"1":{"start":{"line":6,"column":4},"end":{"line":20,"column":10}},"2":{"start":{"line":12,"column":16},"end":{"line":17,"column":18}},"3":{"start":{"line":16,"column":35},"end":{"line":16,"column":54}},"4":{"start":{"line":23,"column":0},"end":{"line":30,"column":1}}},"fnMap":{"0":{"name":"(anonymous_0)","decl":{"start":{"line":5,"column":17},"end":{"line":5,"column":18}},"loc":{"start":{"line":6,"column":4},"end":{"line":20,"column":10}},"line":6},"1":{"name":"(anonymous_1)","decl":{"start":{"line":11,"column":23},"end":{"line":11,"column":24}},"loc":{"start":{"line":12,"column":16},"end":{"line":17,"column":18}},"line":12},"2":{"name":"(anonymous_2)","decl":{"start":{"line":16,"column":29},"end":{"line":16,"column":30}},"loc":{"start":{"line":16,"column":35},"end":{"line":16,"column":54}},"line":16}},"branchMap":{},"s":{"0":3,"1":9,"2":4,"3":1,"4":3},"f":{"0":9,"1":4,"2":1},"b":{},"_coverageSchema":"332fd63041d2c1bcb487cc26dd0d5f7d97098a6c","hash":"9d8868a1265c187ab146ff03ed6bc134ae81a680"}
,"C:\\Users\\Pedro Oliveira\\Downloads\\challenges\\challenge 3\\src\\containers\\AddTodo.js": {"path":"C:\\Users\\Pedro Oliveira\\Downloads\\challenges\\challenge 3\\src\\containers\\AddTodo.js","statementMap":{"0":{"start":{"line":5,"column":16},"end":{"line":23,"column":1}},"1":{"start":{"line":7,"column":1},"end":{"line":22,"column":2}},"2":{"start":{"line":10,"column":3},"end":{"line":10,"column":21}},"3":{"start":{"line":11,"column":3},"end":{"line":13,"column":4}},"4":{"start":{"line":12,"column":4},"end":{"line":12,"column":10}},"5":{"start":{"line":14,"column":3},"end":{"line":14,"column":33}},"6":{"start":{"line":15,"column":3},"end":{"line":15,"column":19}},"7":{"start":{"line":17,"column":23},"end":{"line":17,"column":35}}},"fnMap":{"0":{"name":"(anonymous_0)","decl":{"start":{"line":5,"column":16},"end":{"line":5,"column":17}},"loc":{"start":{"line":5,"column":34},"end":{"line":23,"column":1}},"line":5},"1":{"name":"(anonymous_1)","decl":{"start":{"line":9,"column":13},"end":{"line":9,"column":14}},"loc":{"start":{"line":9,"column":18},"end":{"line":16,"column":3}},"line":9},"2":{"name":"(anonymous_2)","decl":{"start":{"line":17,"column":15},"end":{"line":17,"column":16}},"loc":{"start":{"line":17,"column":23},"end":{"line":17,"column":35}},"line":17}},"branchMap":{"0":{"loc":{"start":{"line":11,"column":3},"end":{"line":13,"column":4}},"type":"if","locations":[{"start":{"line":11,"column":3},"end":{"line":13,"column":4}},{"start":{"line":11,"column":3},"end":{"line":13,"column":4}}],"line":11}},"s":{"0":2,"1":2,"2":2,"3":2,"4":1,"5":1,"6":1,"7":2},"f":{"0":2,"1":2,"2":2},"b":{"0":[1,1]},"_coverageSchema":"332fd63041d2c1bcb487cc26dd0d5f7d97098a6c","hash":"2ee9fbc0ddd4268882dc486ab48ad1066373b76f"}
,"C:\\Users\\Pedro Oliveira\\Downloads\\challenges\\challenge 3\\src\\containers\\DeleteTodo.js": {"path":"C:\\Users\\Pedro Oliveira\\Downloads\\challenges\\challenge 3\\src\\containers\\DeleteTodo.js","statementMap":{"0":{"start":{"line":5,"column":17},"end":{"line":16,"column":1}},"1":{"start":{"line":6,"column":4},"end":{"line":15,"column":5}},"2":{"start":{"line":10,"column":16},"end":{"line":10,"column":34}},"3":{"start":{"line":11,"column":16},"end":{"line":11,"column":40}}},"fnMap":{"0":{"name":"(anonymous_0)","decl":{"start":{"line":5,"column":17},"end":{"line":5,"column":18}},"loc":{"start":{"line":5,"column":37},"end":{"line":16,"column":1}},"line":5},"1":{"name":"(anonymous_1)","decl":{"start":{"line":9,"column":21},"end":{"line":9,"column":22}},"loc":{"start":{"line":9,"column":26},"end":{"line":12,"column":13}},"line":9}},"branchMap":{},"s":{"0":5,"1":7,"2":1,"3":1},"f":{"0":7,"1":1},"b":{},"_coverageSchema":"332fd63041d2c1bcb487cc26dd0d5f7d97098a6c","hash":"df1cefd956ef617ceb170575f3beddf3ced3a2c8"}
,"C:\\Users\\Pedro Oliveira\\Downloads\\challenges\\challenge 3\\src\\containers\\FilterLink.js": {"path":"C:\\Users\\Pedro Oliveira\\Downloads\\challenges\\challenge 3\\src\\containers\\FilterLink.js","statementMap":{"0":{"start":{"line":5,"column":24},"end":{"line":7,"column":2}},"1":{"start":{"line":5,"column":46},"end":{"line":7,"column":1}},"2":{"start":{"line":9,"column":27},"end":{"line":11,"column":2}},"3":{"start":{"line":9,"column":52},"end":{"line":11,"column":1}},"4":{"start":{"line":10,"column":19},"end":{"line":10,"column":65}}},"fnMap":{"0":{"name":"(anonymous_0)","decl":{"start":{"line":5,"column":24},"end":{"line":5,"column":25}},"loc":{"start":{"line":5,"column":46},"end":{"line":7,"column":1}},"line":5},"1":{"name":"(anonymous_1)","decl":{"start":{"line":9,"column":27},"end":{"line":9,"column":28}},"loc":{"start":{"line":9,"column":52},"end":{"line":11,"column":1}},"line":9},"2":{"name":"(anonymous_2)","decl":{"start":{"line":10,"column":13},"end":{"line":10,"column":14}},"loc":{"start":{"line":10,"column":19},"end":{"line":10,"column":65}},"line":10}},"branchMap":{},"s":{"0":3,"1":2,"2":3,"3":1,"4":1},"f":{"0":2,"1":1,"2":1},"b":{},"_coverageSchema":"332fd63041d2c1bcb487cc26dd0d5f7d97098a6c","hash":"08587d18f2d15289be69b0316dd5f60b72058bcd"}
,"C:\\Users\\Pedro Oliveira\\Downloads\\challenges\\challenge 3\\src\\containers\\VisibleTodoList.js": {"path":"C:\\Users\\Pedro Oliveira\\Downloads\\challenges\\challenge 3\\src\\containers\\VisibleTodoList.js","statementMap":{"0":{"start":{"line":6,"column":24},"end":{"line":18,"column":1}},"1":{"start":{"line":7,"column":2},"end":{"line":17,"column":3}},"2":{"start":{"line":9,"column":6},"end":{"line":9,"column":18}},"3":{"start":{"line":11,"column":6},"end":{"line":11,"column":43}},"4":{"start":{"line":11,"column":31},"end":{"line":11,"column":42}},"5":{"start":{"line":13,"column":6},"end":{"line":13,"column":44}},"6":{"start":{"line":13,"column":31},"end":{"line":13,"column":43}},"7":{"start":{"line":16,"column":6},"end":{"line":16,"column":18}},"8":{"start":{"line":20,"column":24},"end":{"line":22,"column":2}},"9":{"start":{"line":20,"column":34},"end":{"line":22,"column":1}},"10":{"start":{"line":24,"column":27},"end":{"line":26,"column":2}},"11":{"start":{"line":24,"column":40},"end":{"line":26,"column":1}},"12":{"start":{"line":25,"column":20},"end":{"line":25,"column":44}}},"fnMap":{"0":{"name":"(anonymous_0)","decl":{"start":{"line":6,"column":24},"end":{"line":6,"column":25}},"loc":{"start":{"line":6,"column":43},"end":{"line":18,"column":1}},"line":6},"1":{"name":"(anonymous_1)","decl":{"start":{"line":11,"column":26},"end":{"line":11,"column":27}},"loc":{"start":{"line":11,"column":31},"end":{"line":11,"column":42}},"line":11},"2":{"name":"(anonymous_2)","decl":{"start":{"line":13,"column":26},"end":{"line":13,"column":27}},"loc":{"start":{"line":13,"column":31},"end":{"line":13,"column":43}},"line":13},"3":{"name":"(anonymous_3)","decl":{"start":{"line":20,"column":24},"end":{"line":20,"column":25}},"loc":{"start":{"line":20,"column":34},"end":{"line":22,"column":1}},"line":20},"4":{"name":"(anonymous_4)","decl":{"start":{"line":24,"column":27},"end":{"line":24,"column":28}},"loc":{"start":{"line":24,"column":40},"end":{"line":26,"column":1}},"line":24},"5":{"name":"(anonymous_5)","decl":{"start":{"line":25,"column":14},"end":{"line":25,"column":15}},"loc":{"start":{"line":25,"column":20},"end":{"line":25,"column":44}},"line":25}},"branchMap":{"0":{"loc":{"start":{"line":7,"column":2},"end":{"line":17,"column":3}},"type":"switch","locations":[{"start":{"line":8,"column":4},"end":{"line":9,"column":18}},{"start":{"line":10,"column":4},"end":{"line":11,"column":43}},{"start":{"line":12,"column":4},"end":{"line":13,"column":44}},{"start":{"line":14,"column":4},"end":{"line":16,"column":18}}],"line":7}},"s":{"0":2,"1":8,"2":3,"3":2,"4":1,"5":2,"6":1,"7":1,"8":2,"9":8,"10":2,"11":1,"12":1},"f":{"0":8,"1":1,"2":1,"3":8,"4":1,"5":1},"b":{"0":[3,2,2,1]},"_coverageSchema":"332fd63041d2c1bcb487cc26dd0d5f7d97098a6c","hash":"a70edb569586517976ba08d29446a1c4e6756c90"}
,"C:\\Users\\Pedro Oliveira\\Downloads\\challenges\\challenge 3\\src\\reducers\\index.js": {"path":"C:\\Users\\Pedro Oliveira\\Downloads\\challenges\\challenge 3\\src\\reducers\\index.js","statementMap":{},"fnMap":{},"branchMap":{},"s":{},"f":{},"b":{},"_coverageSchema":"332fd63041d2c1bcb487cc26dd0d5f7d97098a6c","hash":"2476eff4338021d3a002e0d97d83babd1fac068a"}
,"C:\\Users\\Pedro Oliveira\\Downloads\\challenges\\challenge 3\\src\\reducers\\todos.js": {"path":"C:\\Users\\Pedro Oliveira\\Downloads\\challenges\\challenge 3\\src\\reducers\\todos.js","statementMap":{"0":{"start":{"line":1,"column":14},"end":{"line":24,"column":1}},"1":{"start":{"line":2,"column":4},"end":{"line":23,"column":5}},"2":{"start":{"line":4,"column":12},"end":{"line":11,"column":13}},"3":{"start":{"line":13,"column":12},"end":{"line":18,"column":13}},"4":{"start":{"line":14,"column":16},"end":{"line":17,"column":26}},"5":{"start":{"line":20,"column":12},"end":{"line":20,"column":64}},"6":{"start":{"line":20,"column":41},"end":{"line":20,"column":62}},"7":{"start":{"line":22,"column":12},"end":{"line":22,"column":24}}},"fnMap":{"0":{"name":"(anonymous_0)","decl":{"start":{"line":1,"column":14},"end":{"line":1,"column":15}},"loc":{"start":{"line":1,"column":38},"end":{"line":24,"column":1}},"line":1},"1":{"name":"(anonymous_1)","decl":{"start":{"line":13,"column":29},"end":{"line":13,"column":30}},"loc":{"start":{"line":14,"column":16},"end":{"line":17,"column":26}},"line":14},"2":{"name":"(anonymous_2)","decl":{"start":{"line":20,"column":33},"end":{"line":20,"column":34}},"loc":{"start":{"line":20,"column":41},"end":{"line":20,"column":62}},"line":20}},"branchMap":{"0":{"loc":{"start":{"line":1,"column":15},"end":{"line":1,"column":25}},"type":"default-arg","locations":[{"start":{"line":1,"column":23},"end":{"line":1,"column":25}}],"line":1},"1":{"loc":{"start":{"line":2,"column":4},"end":{"line":23,"column":5}},"type":"switch","locations":[{"start":{"line":3,"column":8},"end":{"line":11,"column":13}},{"start":{"line":12,"column":8},"end":{"line":18,"column":13}},{"start":{"line":19,"column":8},"end":{"line":20,"column":64}},{"start":{"line":21,"column":8},"end":{"line":22,"column":24}}],"line":2},"2":{"loc":{"start":{"line":14,"column":16},"end":{"line":17,"column":26}},"type":"cond-expr","locations":[{"start":{"line":15,"column":22},"end":{"line":15,"column":77}},{"start":{"line":17,"column":22},"end":{"line":17,"column":26}}],"line":14}},"s":{"0":8,"1":46,"2":7,"3":4,"4":4,"5":4,"6":4,"7":31},"f":{"0":46,"1":4,"2":4},"b":{"0":[22],"1":[7,4,4,31],"2":[3,1]},"_coverageSchema":"332fd63041d2c1bcb487cc26dd0d5f7d97098a6c","hash":"4ba2de24f9a1ce818f3bf779c7410074d68f9053"}
,"C:\\Users\\Pedro Oliveira\\Downloads\\challenges\\challenge 3\\src\\reducers\\visibilityFilter.js": {"path":"C:\\Users\\Pedro Oliveira\\Downloads\\challenges\\challenge 3\\src\\reducers\\visibilityFilter.js","statementMap":{"0":{"start":{"line":3,"column":25},"end":{"line":10,"column":1}},"1":{"start":{"line":4,"column":4},"end":{"line":9,"column":5}},"2":{"start":{"line":6,"column":12},"end":{"line":6,"column":32}},"3":{"start":{"line":8,"column":12},"end":{"line":8,"column":24}}},"fnMap":{"0":{"name":"(anonymous_0)","decl":{"start":{"line":3,"column":25},"end":{"line":3,"column":26}},"loc":{"start":{"line":3,"column":73},"end":{"line":10,"column":1}},"line":3}},"branchMap":{"0":{"loc":{"start":{"line":3,"column":26},"end":{"line":3,"column":60}},"type":"default-arg","locations":[{"start":{"line":3,"column":34},"end":{"line":3,"column":60}}],"line":3},"1":{"loc":{"start":{"line":4,"column":4},"end":{"line":9,"column":5}},"type":"switch","locations":[{"start":{"line":5,"column":8},"end":{"line":6,"column":32}},{"start":{"line":7,"column":8},"end":{"line":8,"column":24}}],"line":4}},"s":{"0":8,"1":40,"2":11,"3":29},"f":{"0":40},"b":{"0":[25],"1":[11,29]},"_coverageSchema":"332fd63041d2c1bcb487cc26dd0d5f7d97098a6c","hash":"5c9778e5b8cce8f63ce6df3db3de95fd2b1bc733"}
}
