TN:
SF:C:\Users\Pedro Oliveira\Downloads\challenges\challenge 3\src\actions\index.js
FN:3,(anonymous_0)
FN:9,(anonymous_1)
FN:14,(anonymous_2)
FN:19,(anonymous_3)
FNF:4
FNH:4
FNDA:106,(anonymous_0)
FNDA:2,(anonymous_1)
FNDA:2,(anonymous_2)
FNDA:9,(anonymous_3)
DA:1,12
DA:3,106
DA:9,12
DA:14,12
DA:19,12
DA:24,12
LF:6
LH:6
BRF:0
BRH:0
end_of_record
TN:
SF:C:\Users\Pedro Oliveira\Downloads\challenges\challenge 3\src\components\App.js
FN:7,(anonymous_0)
FNF:1
FNH:1
FNDA:1,(anonymous_0)
DA:7,1
DA:8,1
LF:2
LH:2
BRF:0
BRH:0
end_of_record
TN:
SF:C:\Users\Pedro Oliveira\Downloads\challenges\challenge 3\src\components\Footer.js
FN:5,(anonymous_0)
FNF:1
FNH:1
FNDA:1,(anonymous_0)
DA:5,2
DA:6,1
LF:2
LH:2
BRF:0
BRH:0
end_of_record
TN:
SF:C:\Users\Pedro Oliveira\Downloads\challenges\challenge 3\src\components\Link.js
FN:4,(anonymous_0)
FNF:1
FNH:1
FNDA:3,(anonymous_0)
DA:4,4
DA:5,3
DA:14,4
LF:3
LH:3
BRF:0
BRH:0
end_of_record
TN:
SF:C:\Users\Pedro Oliveira\Downloads\challenges\challenge 3\src\components\Todo.js
FN:5,(anonymous_0)
FNF:1
FNH:1
FNDA:7,(anonymous_0)
DA:5,4
DA:6,7
DA:17,4
LF:3
LH:3
BRDA:10,0,0,4
BRDA:10,0,1,3
BRF:2
BRH:2
end_of_record
TN:
SF:C:\Users\Pedro Oliveira\Downloads\challenges\challenge 3\src\components\TodoList.js
FN:5,(anonymous_0)
FN:11,(anonymous_1)
FN:16,(anonymous_2)
FNF:3
FNH:3
FNDA:9,(anonymous_0)
FNDA:4,(anonymous_1)
FNDA:1,(anonymous_2)
DA:5,3
DA:6,9
DA:12,4
DA:16,1
DA:23,3
LF:5
LH:5
BRF:0
BRH:0
end_of_record
TN:
SF:C:\Users\Pedro Oliveira\Downloads\challenges\challenge 3\src\containers\AddTodo.js
FN:5,(anonymous_0)
FN:9,(anonymous_1)
FN:17,(anonymous_2)
FNF:3
FNH:3
FNDA:2,(anonymous_0)
FNDA:2,(anonymous_1)
FNDA:2,(anonymous_2)
DA:5,2
DA:7,2
DA:10,2
DA:11,2
DA:12,1
DA:14,1
DA:15,1
DA:17,2
LF:8
LH:8
BRDA:11,0,0,1
BRDA:11,0,1,1
BRF:2
BRH:2
end_of_record
TN:
SF:C:\Users\Pedro Oliveira\Downloads\challenges\challenge 3\src\containers\DeleteTodo.js
FN:5,(anonymous_0)
FN:9,(anonymous_1)
FNF:2
FNH:2
FNDA:7,(anonymous_0)
FNDA:1,(anonymous_1)
DA:5,5
DA:6,7
DA:10,1
DA:11,1
LF:4
LH:4
BRF:0
BRH:0
end_of_record
TN:
SF:C:\Users\Pedro Oliveira\Downloads\challenges\challenge 3\src\containers\FilterLink.js
FN:5,(anonymous_0)
FN:9,(anonymous_1)
FN:10,(anonymous_2)
FNF:3
FNH:3
FNDA:2,(anonymous_0)
FNDA:1,(anonymous_1)
FNDA:1,(anonymous_2)
DA:5,3
DA:9,3
DA:10,1
LF:3
LH:3
BRF:0
BRH:0
end_of_record
TN:
SF:C:\Users\Pedro Oliveira\Downloads\challenges\challenge 3\src\containers\VisibleTodoList.js
FN:6,(anonymous_0)
FN:11,(anonymous_1)
FN:13,(anonymous_2)
FN:20,(anonymous_3)
FN:24,(anonymous_4)
FN:25,(anonymous_5)
FNF:6
FNH:6
FNDA:8,(anonymous_0)
FNDA:1,(anonymous_1)
FNDA:1,(anonymous_2)
FNDA:8,(anonymous_3)
FNDA:1,(anonymous_4)
FNDA:1,(anonymous_5)
DA:6,2
DA:7,8
DA:9,3
DA:11,2
DA:13,2
DA:16,1
DA:20,8
DA:24,2
DA:25,1
LF:9
LH:9
BRDA:7,0,0,3
BRDA:7,0,1,2
BRDA:7,0,2,2
BRDA:7,0,3,1
BRF:4
BRH:4
end_of_record
TN:
SF:C:\Users\Pedro Oliveira\Downloads\challenges\challenge 3\src\reducers\index.js
FNF:0
FNH:0
LF:0
LH:0
BRF:0
BRH:0
end_of_record
TN:
SF:C:\Users\Pedro Oliveira\Downloads\challenges\challenge 3\src\reducers\todos.js
FN:1,(anonymous_0)
FN:13,(anonymous_1)
FN:20,(anonymous_2)
FNF:3
FNH:3
FNDA:46,(anonymous_0)
FNDA:4,(anonymous_1)
FNDA:4,(anonymous_2)
DA:1,8
DA:2,46
DA:4,7
DA:13,4
DA:14,4
DA:20,4
DA:22,31
LF:7
LH:7
BRDA:1,0,0,22
BRDA:2,1,0,7
BRDA:2,1,1,4
BRDA:2,1,2,4
BRDA:2,1,3,31
BRDA:14,2,0,3
BRDA:14,2,1,1
BRF:7
BRH:7
end_of_record
TN:
SF:C:\Users\Pedro Oliveira\Downloads\challenges\challenge 3\src\reducers\visibilityFilter.js
FN:3,(anonymous_0)
FNF:1
FNH:1
FNDA:40,(anonymous_0)
DA:3,8
DA:4,40
DA:6,11
DA:8,29
LF:4
LH:4
BRDA:3,0,0,25
BRDA:4,1,0,11
BRDA:4,1,1,29
BRF:3
BRH:3
end_of_record
